<?xml version="1.0" encoding="UTF-8"?>
<testsuite xmlns:xsi="http://www.w3.org/2001/XMLSchema-instance" xsi:noNamespaceSchemaLocation="https://maven.apache.org/surefire/maven-surefire-plugin/xsd/surefire-test-report.xsd" name="com.fw.AppTest" time="0.039" tests="1" errors="0" skipped="0" failures="0">
  <properties>
    <property name="sun.desktop" value="windows"/>
    <property name="awt.toolkit" value="sun.awt.windows.WToolkit"/>
    <property name="file.encoding.pkg" value="sun.io"/>
    <property name="java.specification.version" value="1.8"/>
    <property name="sun.cpu.isalist" value="amd64"/>
    <property name="sun.jnu.encoding" value="GBK"/>
    <property name="java.class.path" value="C:\Users\li\Desktop\学习\rpc-server\rpc-server-provider\target\test-classes;C:\Users\li\Desktop\学习\rpc-server\rpc-server-provider\target\classes;C:\Users\li\.m2\repository\junit\junit\4.11\junit-4.11.jar;C:\Users\li\.m2\repository\org\hamcrest\hamcrest-core\1.3\hamcrest-core-1.3.jar;C:\Users\li\Desktop\学习\rpc-server\rpc-server-api\target\rpc-server-api-1.0-SNAPSHOT.jar;"/>
    <property name="java.vm.vendor" value="Oracle Corporation"/>
    <property name="sun.arch.data.model" value="64"/>
    <property name="user.variant" value=""/>
    <property name="java.vendor.url" value="http://java.oracle.com/"/>
    <property name="user.timezone" value="Asia/Shanghai"/>
    <property name="java.vm.specification.version" value="1.8"/>
    <property name="os.name" value="Windows 10"/>
    <property name="user.country" value="CN"/>
    <property name="sun.java.launcher" value="SUN_STANDARD"/>
    <property name="sun.boot.library.path" value="D:\work\JDK\jre\bin"/>
    <property name="sun.java.command" value="C:\Users\li\AppData\Local\Temp\surefire1755725585323161923\surefirebooter7420019838064703088.jar C:\Users\li\AppData\Local\Temp\surefire1755725585323161923 2019-06-07T10-27-15_150-jvmRun1 surefire2324964530395714540tmp surefire_1196932123074840061tmp"/>
    <property name="surefire.test.class.path" value="C:\Users\li\Desktop\学习\rpc-server\rpc-server-provider\target\test-classes;C:\Users\li\Desktop\学习\rpc-server\rpc-server-provider\target\classes;C:\Users\li\.m2\repository\junit\junit\4.11\junit-4.11.jar;C:\Users\li\.m2\repository\org\hamcrest\hamcrest-core\1.3\hamcrest-core-1.3.jar;C:\Users\li\Desktop\学习\rpc-server\rpc-server-api\target\rpc-server-api-1.0-SNAPSHOT.jar;"/>
    <property name="sun.cpu.endian" value="little"/>
    <property name="user.home" value="C:\Users\li"/>
    <property name="user.language" value="zh"/>
    <property name="java.specification.vendor" value="Oracle Corporation"/>
    <property name="java.home" value="D:\work\JDK\jre"/>
    <property name="basedir" value="C:\Users\li\Desktop\学习\rpc-server\rpc-server-provider"/>
    <property name="file.separator" value="\"/>
    <property name="line.separator" value="&#10;"/>
    <property name="java.vm.specification.vendor" value="Oracle Corporation"/>
    <property name="java.specification.name" value="Java Platform API Specification"/>
    <property name="java.awt.graphicsenv" value="sun.awt.Win32GraphicsEnvironment"/>
    <property name="surefire.real.class.path" value="C:\Users\li\AppData\Local\Temp\surefire1755725585323161923\surefirebooter7420019838064703088.jar"/>
    <property name="sun.boot.class.path" value="D:\work\JDK\jre\lib\resources.jar;D:\work\JDK\jre\lib\rt.jar;D:\work\JDK\jre\lib\sunrsasign.jar;D:\work\JDK\jre\lib\jsse.jar;D:\work\JDK\jre\lib\jce.jar;D:\work\JDK\jre\lib\charsets.jar;D:\work\JDK\jre\lib\jfr.jar;D:\work\JDK\jre\classes"/>
    <property name="user.script" value=""/>
    <property name="sun.management.compiler" value="HotSpot 64-Bit Tiered Compilers"/>
    <property name="java.runtime.version" value="1.8.0_191-b12"/>
    <property name="user.name" value="li"/>
    <property name="path.separator" value=";"/>
    <property name="os.version" value="10.0"/>
    <property name="java.endorsed.dirs" value="D:\work\JDK\jre\lib\endorsed"/>
    <property name="java.runtime.name" value="Java(TM) SE Runtime Environment"/>
    <property name="file.encoding" value="GBK"/>
    <property name="java.vm.name" value="Java HotSpot(TM) 64-Bit Server VM"/>
    <property name="localRepository" value="C:\Users\li\.m2\repository"/>
    <property name="java.vendor.url.bug" value="http://bugreport.sun.com/bugreport/"/>
    <property name="java.io.tmpdir" value="C:\Users\li\AppData\Local\Temp\"/>
    <property name="idea.version" value="2018.1.6"/>
    <property name="java.version" value="1.8.0_191"/>
    <property name="user.dir" value="C:\Users\li\Desktop\学习\rpc-server\rpc-server-provider"/>
    <property name="os.arch" value="amd64"/>
    <property name="java.vm.specification.name" value="Java Virtual Machine Specification"/>
    <property name="java.awt.printerjob" value="sun.awt.windows.WPrinterJob"/>
    <property name="sun.os.patch.level" value=""/>
    <property name="java.library.path" value="D:\work\JDK\jre\bin;C:\Windows\Sun\Java\bin;C:\Windows\system32;C:\Windows;C:\Program Files (x86)\Common Files\Oracle\Java\javapath;C:\Windows\system32;C:\Windows;C:\Windows\System32\Wbem;C:\Windows\System32\WindowsPowerShell\v1.0\;C:\Windows\System32\OpenSSH\;C:\Program Files\Git\cmd;C:\Program Files\nodejs\;C:\Users\li\AppData\Local\Microsoft\WindowsApps;D:\work\JDK\bin;D:\work\JDK\jre\bin;D:\work\mysql\mysql-8.0.13-winx64\bin;D:\work\tomcat\apache-tomcat-8.5.37\bin;D:\work\tomcat\apache-tomcat-8.5.37\lib;D:\work\maven\apache-maven-3.6.0\bin;D:\work\mysql\mysql-5.7.24-winx64\bin;D:\work\MongoDB\bin;;C:\Users\li\AppData\Local\Programs\Microsoft VS Code\bin;C:\Users\li\AppData\Roaming\npm;."/>
    <property name="java.vm.info" value="mixed mode"/>
    <property name="java.vendor" value="Oracle Corporation"/>
    <property name="java.vm.version" value="25.191-b12"/>
    <property name="java.ext.dirs" value="D:\work\JDK\jre\lib\ext;C:\Windows\Sun\Java\lib\ext"/>
    <property name="sun.io.unicode.encoding" value="UnicodeLittle"/>
    <property name="java.class.version" value="52.0"/>
  </properties>
  <testcase name="shouldAnswerWithTrue" classname="com.fw.AppTest" time="0.001"/>
</testsuite>